# JRE version: OpenJDK Runtime Environment (17.0.2+8) (build 17.0.2+8-86)
# Java VM: OpenJDK 64-Bit Server VM (17.0.2+8-86, mixed mode, sharing, tiered, compressed oops, compressed class ptrs, g1 gc, windows-amd64)
GC Precious Log:
 CPUs: 12 total, 12 available
 Memory: 16316M
 Large Page Support: Disabled
 NUMA Support: Disabled
 Compressed Oops: Enabled (Zero based)
 Heap Region Size: 2M
 Heap Min Capacity: 8M
 Heap Initial Capacity: 256M
 Heap Max Capacity: 4080M
 Pre-touch: Disabled
 Parallel Workers: 10
 Concurrent Workers: 3
 Concurrent Refinement Workers: 10
 Periodic GC: Disabled
Heap:
 garbage-first heap   total 159744K, used 38208K [0x0000000701000000, 0x0000000800000000)
  region size 2048K, 9 young (18432K), 1 survivors (2048K)
 Metaspace       used 28534K, committed 28864K, reserved 1081344K
  class space    used 3289K, committed 3456K, reserved 1048576K
GC Heap History (16 events):
Event: 1.045 GC heap before
{Heap before GC invocations=0 (full 0):
 garbage-first heap   total 262144K, used 20480K [0x0000000701000000, 0x0000000800000000)
  region size 2048K, 11 young (22528K), 0 survivors (0K)
 Metaspace       used 5760K, committed 5952K, reserved 1056768K
  class space    used 677K, committed 768K, reserved 1048576K
}
Event: 1.051 GC heap after
{Heap after GC invocations=1 (full 0):
 garbage-first heap   total 262144K, used 3984K [0x0000000701000000, 0x0000000800000000)
  region size 2048K, 2 young (4096K), 2 survivors (4096K)
 Metaspace       used 5760K, committed 5952K, reserved 1056768K
  class space    used 677K, committed 768K, reserved 1048576K
}
Event: 2.106 GC heap before
{Heap before GC invocations=1 (full 0):
 garbage-first heap   total 262144K, used 34704K [0x0000000701000000, 0x0000000800000000)
  region size 2048K, 17 young (34816K), 2 survivors (4096K)
 Metaspace       used 9438K, committed 9664K, reserved 1064960K
  class space    used 1121K, committed 1216K, reserved 1048576K
}
Event: 2.112 GC heap after
{Heap after GC invocations=2 (full 0):
 garbage-first heap   total 262144K, used 5717K [0x0000000701000000, 0x0000000800000000)
  region size 2048K, 1 young (2048K), 1 survivors (2048K)
 Metaspace       used 9438K, committed 9664K, reserved 1064960K
  class space    used 1121K, committed 1216K, reserved 1048576K
}
Event: 6.109 GC heap before
{Heap before GC invocations=2 (full 0):
 garbage-first heap   total 262144K, used 106069K [0x0000000701000000, 0x0000000800000000)
  region size 2048K, 51 young (104448K), 1 survivors (2048K)
 Metaspace       used 21220K, committed 21504K, reserved 1073152K
  class space    used 2518K, committed 2688K, reserved 1048576K
}
Event: 6.119 GC heap after
{Heap after GC invocations=3 (full 0):
 garbage-first heap   total 262144K, used 12953K [0x0000000701000000, 0x0000000800000000)
  region size 2048K, 5 young (10240K), 5 survivors (10240K)
 Metaspace       used 21220K, committed 21504K, reserved 1073152K
  class space    used 2518K, committed 2688K, reserved 1048576K
}
Event: 7.286 GC heap before
{Heap before GC invocations=4 (full 0):
 garbage-first heap   total 55296K, used 35481K [0x0000000701000000, 0x0000000800000000)
  region size 2048K, 16 young (32768K), 5 survivors (10240K)
 Metaspace       used 25827K, committed 26048K, reserved 1073152K
  class space    used 2999K, committed 3072K, reserved 1048576K
}
Event: 7.300 GC heap after
{Heap after GC invocations=5 (full 0):
 garbage-first heap   total 55296K, used 18980K [0x0000000701000000, 0x0000000800000000)
  region size 2048K, 2 young (4096K), 2 survivors (4096K)
 Metaspace       used 25827K, committed 26048K, reserved 1073152K
  class space    used 2999K, committed 3072K, reserved 1048576K
}
Event: 7.311 GC heap before
{Heap before GC invocations=5 (full 0):
 garbage-first heap   total 55296K, used 21028K [0x0000000701000000, 0x0000000800000000)
  region size 2048K, 3 young (6144K), 2 survivors (4096K)
 Metaspace       used 25832K, committed 26048K, reserved 1073152K
  class space    used 2999K, committed 3072K, reserved 1048576K
}
Event: 7.319 GC heap after
{Heap after GC invocations=6 (full 0):
 garbage-first heap   total 55296K, used 20248K [0x0000000701000000, 0x0000000800000000)
  region size 2048K, 1 young (2048K), 1 survivors (2048K)
 Metaspace       used 25832K, committed 26048K, reserved 1073152K
  class space    used 2999K, committed 3072K, reserved 1048576K
}
Event: 7.724 GC heap before
{Heap before GC invocations=6 (full 0):
 garbage-first heap   total 55296K, used 34584K [0x0000000701000000, 0x0000000800000000)
  region size 2048K, 9 young (18432K), 1 survivors (2048K)
 Metaspace       used 26617K, committed 26944K, reserved 1073152K
  class space    used 3069K, committed 3264K, reserved 1048576K
}
Event: 7.733 GC heap after
{Heap after GC invocations=7 (full 0):
 garbage-first heap   total 55296K, used 23212K [0x0000000701000000, 0x0000000800000000)
  region size 2048K, 2 young (4096K), 2 survivors (4096K)
 Metaspace       used 26617K, committed 26944K, reserved 1073152K
  class space    used 3069K, committed 3264K, reserved 1048576K
}
Event: 8.279 GC heap before
{Heap before GC invocations=7 (full 0):
 garbage-first heap   total 55296K, used 35500K [0x0000000701000000, 0x0000000800000000)
  region size 2048K, 9 young (18432K), 2 survivors (4096K)
 Metaspace       used 27423K, committed 27776K, reserved 1073152K
  class space    used 3162K, committed 3328K, reserved 1048576K
}
Event: 8.285 GC heap after
{Heap after GC invocations=8 (full 0):
 garbage-first heap   total 55296K, used 23795K [0x0000000701000000, 0x0000000800000000)
  region size 2048K, 1 young (2048K), 1 survivors (2048K)
 Metaspace       used 27423K, committed 27776K, reserved 1073152K
  class space    used 3162K, committed 3328K, reserved 1048576K
}
Event: 8.636 GC heap before
{Heap before GC invocations=8 (full 0):
 garbage-first heap   total 55296K, used 38131K [0x0000000701000000, 0x0000000800000000)
  region size 2048K, 8 young (16384K), 1 survivors (2048K)
 Metaspace       used 28146K, committed 28416K, reserved 1081344K
  class space    used 3250K, committed 3392K, reserved 1048576K
}
Event: 8.639 GC heap after
{Heap after GC invocations=9 (full 0):
 garbage-first heap   total 159744K, used 23872K [0x0000000701000000, 0x0000000800000000)
  region size 2048K, 1 young (2048K), 1 survivors (2048K)
 Metaspace       used 28146K, committed 28416K, reserved 1081344K
  class space    used 3250K, committed 3392K, reserved 1048576K
}

